<?xml version="1.0" encoding="UTF-8"?>
<testsuite xmlns:xsi="http://www.w3.org/2001/XMLSchema-instance" xsi:noNamespaceSchemaLocation="https://maven.apache.org/surefire/maven-surefire-plugin/xsd/surefire-test-report.xsd" name="com.kr.tests.testCaluclator" time="0.034" tests="4" errors="0" skipped="0" failures="0">
  <properties>
[...]
</properties>
  <testcase name="testAdd" classname="com.kr.tests.testCaluclator" time="0.022"/>
  <testcase name="testSubtract" classname="com.kr.tests.testCaluclator" time="0"/>
  <testcase name="validateCOncatenate" classname="com.kr.tests.testCaluclator" time="0"/>
  <testcase name="testMultiply" classname="com.kr.tests.testCaluclator" time="0.001"/>
</testsuite>